c:\users\coats\downloads\fusion25sdk\extensions\kaios object\obj\unicode\debug\vc141.pdb
c:\users\coats\downloads\fusion25sdk\extensions\kaios object\obj\unicode\debug\vc141.idb
c:\users\coats\downloads\fusion25sdk\extensions\kaios object\obj\unicode\debug\edittime.obj
c:\users\coats\downloads\fusion25sdk\extensions\kaios object\obj\unicode\debug\general.obj
c:\users\coats\downloads\fusion25sdk\extensions\kaios object\obj\unicode\debug\main.obj
c:\users\coats\downloads\fusion25sdk\extensions\kaios object\obj\unicode\debug\runtime.obj
c:\users\coats\downloads\fusion25sdk\extensions\kaios object\obj\unicode\debug\template.lib
c:\users\coats\downloads\fusion25sdk\extensions\kaios object\obj\unicode\debug\template.exp
c:\users\coats\downloads\fusion25sdk\extensions\kaios object\obj\unicode\debug\kaios.ilk
c:\users\coats\downloads\fusion25sdk\extensions\kaios object\obj\unicode\debug\kaios.mfx
c:\users\coats\downloads\fusion25sdk\extensions\kaios object\obj\unicode\debug\template.pdb
c:\users\coats\downloads\fusion25sdk\extensions\kaios object\obj\unicode\debug\ext.res
c:\users\coats\downloads\fusion25sdk\extensions\kaios object\obj\unicode\debug\kaios.tlog\cl.command.1.tlog
c:\users\coats\downloads\fusion25sdk\extensions\kaios object\obj\unicode\debug\kaios.tlog\cl.read.1.tlog
c:\users\coats\downloads\fusion25sdk\extensions\kaios object\obj\unicode\debug\kaios.tlog\cl.write.1.tlog
c:\users\coats\downloads\fusion25sdk\extensions\kaios object\obj\unicode\debug\kaios.tlog\kaios.write.1u.tlog
c:\users\coats\downloads\fusion25sdk\extensions\kaios object\obj\unicode\debug\kaios.tlog\link.command.1.tlog
c:\users\coats\downloads\fusion25sdk\extensions\kaios object\obj\unicode\debug\kaios.tlog\link.read.1.tlog
c:\users\coats\downloads\fusion25sdk\extensions\kaios object\obj\unicode\debug\kaios.tlog\link.write.1.tlog
c:\users\coats\downloads\fusion25sdk\extensions\kaios object\obj\unicode\debug\kaios.tlog\rc.command.1.tlog
c:\users\coats\downloads\fusion25sdk\extensions\kaios object\obj\unicode\debug\kaios.tlog\rc.read.1.tlog
c:\users\coats\downloads\fusion25sdk\extensions\kaios object\obj\unicode\debug\kaios.tlog\rc.write.1.tlog
